-------------------------------------------------------------------------------
Test set: com.achieveit.application.service.ClientServiceTest
-------------------------------------------------------------------------------
Tests run: 1, Failures: 0, Errors: 1, Skipped: 0, Time elapsed: 31.392 s <<< FAILURE! - in com.achieveit.application.service.ClientServiceTest
getClientInfoByIDTest(com.achieveit.application.service.ClientServiceTest)  Time elapsed: 31.264 s  <<< ERROR!
org.mybatis.spring.MyBatisSystemException: 
nested exception is org.apache.ibatis.exceptions.PersistenceException: 
### Error querying database.  Cause: org.springframework.jdbc.CannotGetJdbcConnectionException: Failed to obtain JDBC Connection; nested exception is org.postgresql.util.PSQLException: 尝试连线已失败。
### The error may exist in com/achieveit/application/mapper/ClientMapper.java (best guess)
### The error may involve com.achieveit.application.mapper.ClientMapper.getClientInfoByID
### The error occurred while executing a query
### Cause: org.springframework.jdbc.CannotGetJdbcConnectionException: Failed to obtain JDBC Connection; nested exception is org.postgresql.util.PSQLException: 尝试连线已失败。
	at com.achieveit.application.service.ClientServiceTest.getClientInfoByIDTest(ClientServiceTest.java:29)
Caused by: org.apache.ibatis.exceptions.PersistenceException: 

### Error querying database.  Cause: org.springframework.jdbc.CannotGetJdbcConnectionException: Failed to obtain JDBC Connection; nested exception is org.postgresql.util.PSQLException: 尝试连线已失败。
### The error may exist in com/achieveit/application/mapper/ClientMapper.java (best guess)
### The error may involve com.achieveit.application.mapper.ClientMapper.getClientInfoByID
### The error occurred while executing a query
### Cause: org.springframework.jdbc.CannotGetJdbcConnectionException: Failed to obtain JDBC Connection; nested exception is org.postgresql.util.PSQLException: 尝试连线已失败。
	at com.achieveit.application.service.ClientServiceTest.getClientInfoByIDTest(ClientServiceTest.java:29)
Caused by: org.springframework.jdbc.CannotGetJdbcConnectionException: Failed to obtain JDBC Connection; nested exception is org.postgresql.util.PSQLException: 尝试连线已失败。
	at com.achieveit.application.service.ClientServiceTest.getClientInfoByIDTest(ClientServiceTest.java:29)
Caused by: org.postgresql.util.PSQLException: 尝试连线已失败。
	at com.achieveit.application.service.ClientServiceTest.getClientInfoByIDTest(ClientServiceTest.java:29)
Caused by: java.io.EOFException
	at com.achieveit.application.service.ClientServiceTest.getClientInfoByIDTest(ClientServiceTest.java:29)

